<?xml version="1.0" encoding="UTF-8"?>
<!-- Generated by org.testng.reporters.JUnitReportReporter -->
<testsuite hostname="DESKTOP-IJK0I6N" failures="0" tests="5" name="continuousTesting.LoginPage" time="32.817" errors="0" timestamp="2022-06-17T19:51:04 AEST" skipped="0">
  <testcase classname="continuousTesting.LoginPage" name="openBrowser" time="3.057"/>
  <system-out/>
  <testcase classname="continuousTesting.LoginPage" name="openUrl" time="22.104"/>
  <system-out/>
  <testcase classname="continuousTesting.LoginPage" name="closingModel" time="2.329"/>
  <system-out/>
  <testcase classname="continuousTesting.LoginPage" name="openingOptions" time="4.322"/>
  <system-out/>
  <testcase classname="continuousTesting.LoginPage" name="close" time="1.005"/>
  <system-out/>
</testsuite> <!-- continuousTesting.LoginPage -->
