<?xml version="1.0" encoding="UTF-8"?>
<!-- Generated by org.testng.reporters.JUnitReportReporter -->
<testsuite hostname="DESKTOP-IJK0I6N" failures="0" tests="6" name="continuousTesting.PriceSlider" time="57.037" errors="0" timestamp="2022-06-20T20:15:22 AEST" skipped="0">
  <testcase classname="continuousTesting.PriceSlider" name="openBrowser" time="1.809"/>
  <system-out/>
  <testcase classname="continuousTesting.PriceSlider" name="openUrl" time="42.077"/>
  <system-out/>
  <testcase classname="continuousTesting.PriceSlider" name="closingModel" time="2.293"/>
  <system-out/>
  <testcase classname="continuousTesting.PriceSlider" name="openingOptions" time="4.310"/>
  <system-out/>
  <testcase classname="continuousTesting.PriceSlider" name="priceSlider" time="2.361"/>
  <system-out/>
  <testcase classname="continuousTesting.PriceSlider" name="close" time="4.187"/>
  <system-out/>
</testsuite> <!-- continuousTesting.PriceSlider -->
