<?xml version="1.0" encoding="UTF-8"?>
<!-- Generated by org.testng.reporters.JUnitReportReporter -->
<testsuite hostname="DESKTOP-IJK0I6N" failures="0" tests="8" name="continuousTesting.RedmiTest" time="41.518" errors="0" timestamp="2022-06-20T20:15:22 AEST" skipped="0">
  <testcase classname="continuousTesting.RedmiTest" name="openBrowser" time="1.856"/>
  <system-out/>
  <testcase classname="continuousTesting.RedmiTest" name="openUrl" time="16.104"/>
  <system-out/>
  <testcase classname="continuousTesting.RedmiTest" name="closingModel" time="2.248"/>
  <system-out/>
  <testcase classname="continuousTesting.RedmiTest" name="openingOptions" time="4.356"/>
  <system-out/>
  <testcase classname="continuousTesting.RedmiTest" name="priceSlider" time="2.343"/>
  <system-out/>
  <testcase classname="continuousTesting.RedmiTest" name="redmiPage" time="2.433"/>
  <system-out/>
  <testcase classname="continuousTesting.RedmiTest" name="clickOnVideo" time="11.247"/>
  <system-out/>
  <testcase classname="continuousTesting.RedmiTest" name="close" time="0.931"/>
  <system-out/>
</testsuite> <!-- continuousTesting.RedmiTest -->
