<?xml version="1.0" encoding="UTF-8"?>
<!-- Generated by org.testng.reporters.JUnitReportReporter -->
<testsuite hostname="DESKTOP-IJK0I6N" failures="0" tests="5" name="continuousTesting.LoginPage" time="24.705" errors="0" timestamp="2022-06-28T15:31:22 AEST" skipped="0">
  <testcase classname="continuousTesting.LoginPage" name="openBrowser" time="4.766"/>
  <system-out/>
  <testcase classname="continuousTesting.LoginPage" name="openUrl" time="8.670"/>
  <system-out/>
  <testcase classname="continuousTesting.LoginPage" name="closingModel" time="2.286"/>
  <system-out/>
  <testcase classname="continuousTesting.LoginPage" name="openingOptions" time="4.741"/>
  <system-out/>
  <testcase classname="continuousTesting.LoginPage" name="close" time="4.242"/>
  <system-out/>
</testsuite> <!-- continuousTesting.LoginPage -->
